<?xml version="1.0" encoding="UTF-8"?>
<coverage generated="1520901752650" clover="3.2.0">
  <project timestamp="1520901752652" name="All files">
    <metrics statements="37" coveredstatements="37" conditionals="19" coveredconditionals="15" methods="11" coveredmethods="11" elements="67" coveredelements="63" complexity="0" loc="37" ncloc="37" packages="5" files="8" classes="8">
      <package name="src.components">
        <metrics statements="24" coveredstatements="24" conditionals="13" coveredconditionals="12" methods="8" coveredmethods="8"/>
        <file name="Tree.js" path="/Users/brodeynewman/Desktop/projects/react-directory-view/src/components/Tree.js">
          <metrics statements="11" coveredstatements="11" conditionals="5" coveredconditionals="5" methods="4" coveredmethods="4"/>
          <line num="12" count="1" type="cond" truecount="1" falsecount="0"/>
          <line num="13" count="6" type="cond" truecount="2" falsecount="0"/>
          <line num="14" count="5" type="stmt"/>
          <line num="15" count="5" type="stmt"/>
          <line num="39" count="1" type="stmt"/>
          <line num="46" count="2" type="stmt"/>
          <line num="50" count="1" type="stmt"/>
          <line num="51" count="2" type="stmt"/>
          <line num="53" count="2" type="stmt"/>
          <line num="55" count="2" type="stmt"/>
          <line num="66" count="1" type="stmt"/>
        </file>
        <file name="TreeNode.js" path="/Users/brodeynewman/Desktop/projects/react-directory-view/src/components/TreeNode.js">
          <metrics statements="13" coveredstatements="13" conditionals="8" coveredconditionals="7" methods="4" coveredmethods="4"/>
          <line num="9" count="7" type="stmt"/>
          <line num="11" count="7" type="stmt"/>
          <line num="15" count="7" type="stmt"/>
          <line num="16" count="7" type="stmt"/>
          <line num="20" count="1" type="stmt"/>
          <line num="22" count="1" type="stmt"/>
          <line num="26" count="2" type="stmt"/>
          <line num="28" count="2" type="stmt"/>
          <line num="32" count="10" type="stmt"/>
          <line num="39" count="10" type="stmt"/>
          <line num="41" count="10" type="stmt"/>
          <line num="83" count="2" type="stmt"/>
          <line num="95" count="2" type="stmt"/>
        </file>
      </package>
      <package name="src.components.arrow">
        <metrics statements="4" coveredstatements="4" conditionals="4" coveredconditionals="2" methods="1" coveredmethods="1"/>
        <file name="Arrow.js" path="/Users/brodeynewman/Desktop/projects/react-directory-view/src/components/arrow/Arrow.js">
          <metrics statements="4" coveredstatements="4" conditionals="4" coveredconditionals="2" methods="1" coveredmethods="1"/>
          <line num="6" count="3" type="stmt"/>
          <line num="9" count="5" type="stmt"/>
          <line num="20" count="3" type="stmt"/>
          <line num="27" count="3" type="stmt"/>
        </file>
        <file name="styles.js" path="/Users/brodeynewman/Desktop/projects/react-directory-view/src/components/arrow/styles.js">
          <metrics statements="0" coveredstatements="0" conditionals="0" coveredconditionals="0" methods="0" coveredmethods="0"/>
        </file>
      </package>
      <package name="src.components.checkbox">
        <metrics statements="4" coveredstatements="4" conditionals="2" coveredconditionals="1" methods="1" coveredmethods="1"/>
        <file name="Checkbox.js" path="/Users/brodeynewman/Desktop/projects/react-directory-view/src/components/checkbox/Checkbox.js">
          <metrics statements="4" coveredstatements="4" conditionals="2" coveredconditionals="1" methods="1" coveredmethods="1"/>
          <line num="5" count="3" type="stmt"/>
          <line num="8" count="1" type="stmt"/>
          <line num="19" count="3" type="stmt"/>
          <line num="26" count="3" type="stmt"/>
        </file>
        <file name="styles.js" path="/Users/brodeynewman/Desktop/projects/react-directory-view/src/components/checkbox/styles.js">
          <metrics statements="0" coveredstatements="0" conditionals="0" coveredconditionals="0" methods="0" coveredmethods="0"/>
        </file>
      </package>
      <package name="src.components.defaultComponent">
        <metrics statements="4" coveredstatements="4" conditionals="0" coveredconditionals="0" methods="1" coveredmethods="1"/>
        <file name="Default.js" path="/Users/brodeynewman/Desktop/projects/react-directory-view/src/components/defaultComponent/Default.js">
          <metrics statements="4" coveredstatements="4" conditionals="0" coveredconditionals="0" methods="1" coveredmethods="1"/>
          <line num="4" count="1" type="stmt"/>
          <line num="5" count="5" type="stmt"/>
          <line num="15" count="1" type="stmt"/>
          <line num="26" count="1" type="stmt"/>
        </file>
      </package>
      <package name="test">
        <metrics statements="1" coveredstatements="1" conditionals="0" coveredconditionals="0" methods="0" coveredmethods="0"/>
        <file name="setupTest.js" path="/Users/brodeynewman/Desktop/projects/react-directory-view/test/setupTest.js">
          <metrics statements="1" coveredstatements="1" conditionals="0" coveredconditionals="0" methods="0" coveredmethods="0"/>
          <line num="4" count="4" type="stmt"/>
        </file>
      </package>
    </metrics>
  </project>
</coverage>
