{"/Users/brodeynewman/Desktop/projects/react-directory-view/src/components/Tree.js": {"path":"/Users/brodeynewman/Desktop/projects/react-directory-view/src/components/Tree.js","statementMap":{"0":{"start":{"line":12,"column":38},"end":{"line":40,"column":1}},"1":{"start":{"line":13,"column":2},"end":{"line":37,"column":3}},"2":{"start":{"line":14,"column":4},"end":{"line":36,"column":7}},"3":{"start":{"line":15,"column":6},"end":{"line":35,"column":17}},"4":{"start":{"line":39,"column":2},"end":{"line":39,"column":14}},"5":{"start":{"line":46,"column":20},"end":{"line":48,"column":2}},"6":{"start":{"line":46,"column":30},"end":{"line":48,"column":1}},"7":{"start":{"line":50,"column":13},"end":{"line":64,"column":1}},"8":{"start":{"line":51,"column":23},"end":{"line":51,"column":28}},"9":{"start":{"line":53,"column":27},"end":{"line":53,"column":45}},"10":{"start":{"line":55,"column":2},"end":{"line":63,"column":4}},"11":{"start":{"line":66,"column":0},"end":{"line":68,"column":2}}},"fnMap":{"0":{"name":"(anonymous_0)","decl":{"start":{"line":12,"column":38},"end":{"line":12,"column":39}},"loc":{"start":{"line":12,"column":72},"end":{"line":40,"column":1}},"line":12},"1":{"name":"(anonymous_1)","decl":{"start":{"line":14,"column":23},"end":{"line":14,"column":24}},"loc":{"start":{"line":15,"column":6},"end":{"line":35,"column":17}},"line":15},"2":{"name":"(anonymous_2)","decl":{"start":{"line":46,"column":20},"end":{"line":46,"column":21}},"loc":{"start":{"line":46,"column":30},"end":{"line":48,"column":1}},"line":46},"3":{"name":"(anonymous_3)","decl":{"start":{"line":50,"column":13},"end":{"line":50,"column":14}},"loc":{"start":{"line":50,"column":24},"end":{"line":64,"column":1}},"line":50}},"branchMap":{"0":{"loc":{"start":{"line":12,"column":52},"end":{"line":12,"column":67}},"type":"default-arg","locations":[{"start":{"line":12,"column":66},"end":{"line":12,"column":67}}],"line":12},"1":{"loc":{"start":{"line":13,"column":2},"end":{"line":37,"column":3}},"type":"if","locations":[{"start":{"line":13,"column":2},"end":{"line":37,"column":3}},{"start":{"line":13,"column":2},"end":{"line":37,"column":3}}],"line":13},"2":{"loc":{"start":{"line":58,"column":8},"end":{"line":60,"column":14}},"type":"cond-expr","locations":[{"start":{"line":59,"column":8},"end":{"line":59,"column":57}},{"start":{"line":60,"column":10},"end":{"line":60,"column":14}}],"line":58}},"s":{"0":1,"1":6,"2":5,"3":5,"4":1,"5":1,"6":2,"7":1,"8":2,"9":2,"10":2,"11":1},"f":{"0":6,"1":5,"2":2,"3":2},"b":{"0":[1],"1":[5,1],"2":[1,1]},"_coverageSchema":"332fd63041d2c1bcb487cc26dd0d5f7d97098a6c","hash":"c1138d47bdb332c6addfa7760240d580abb42822"}
,"/Users/brodeynewman/Desktop/projects/react-directory-view/src/components/TreeNode.js": {"path":"/Users/brodeynewman/Desktop/projects/react-directory-view/src/components/TreeNode.js","statementMap":{"0":{"start":{"line":9,"column":4},"end":{"line":9,"column":17}},"1":{"start":{"line":11,"column":4},"end":{"line":13,"column":6}},"2":{"start":{"line":15,"column":4},"end":{"line":15,"column":53}},"3":{"start":{"line":16,"column":4},"end":{"line":16,"column":57}},"4":{"start":{"line":20,"column":4},"end":{"line":20,"column":42}},"5":{"start":{"line":22,"column":4},"end":{"line":22,"column":45}},"6":{"start":{"line":26,"column":4},"end":{"line":26,"column":41}},"7":{"start":{"line":28,"column":4},"end":{"line":28,"column":43}},"8":{"start":{"line":32,"column":28},"end":{"line":32,"column":38}},"9":{"start":{"line":39,"column":8},"end":{"line":39,"column":18}},"10":{"start":{"line":41,"column":4},"end":{"line":79,"column":6}},"11":{"start":{"line":83,"column":0},"end":{"line":93,"column":2}},"12":{"start":{"line":95,"column":0},"end":{"line":105,"column":2}}},"fnMap":{"0":{"name":"(anonymous_0)","decl":{"start":{"line":8,"column":2},"end":{"line":8,"column":3}},"loc":{"start":{"line":8,"column":21},"end":{"line":17,"column":3}},"line":8},"1":{"name":"(anonymous_1)","decl":{"start":{"line":19,"column":2},"end":{"line":19,"column":3}},"loc":{"start":{"line":19,"column":19},"end":{"line":23,"column":3}},"line":19},"2":{"name":"(anonymous_2)","decl":{"start":{"line":25,"column":2},"end":{"line":25,"column":3}},"loc":{"start":{"line":25,"column":17},"end":{"line":29,"column":3}},"line":25},"3":{"name":"(anonymous_3)","decl":{"start":{"line":31,"column":2},"end":{"line":31,"column":3}},"loc":{"start":{"line":31,"column":11},"end":{"line":80,"column":3}},"line":31}},"branchMap":{"0":{"loc":{"start":{"line":46,"column":14},"end":{"line":63,"column":20}},"type":"cond-expr","locations":[{"start":{"line":48,"column":16},"end":{"line":61,"column":18}},{"start":{"line":63,"column":16},"end":{"line":63,"column":20}}],"line":46},"1":{"loc":{"start":{"line":48,"column":16},"end":{"line":61,"column":18}},"type":"cond-expr","locations":[{"start":{"line":50,"column":18},"end":{"line":55,"column":20}},{"start":{"line":56,"column":20},"end":{"line":61,"column":18}}],"line":48},"2":{"loc":{"start":{"line":71,"column":21},"end":{"line":71,"column":51}},"type":"cond-expr","locations":[{"start":{"line":71,"column":35},"end":{"line":71,"column":42}},{"start":{"line":71,"column":45},"end":{"line":71,"column":51}}],"line":71},"3":{"loc":{"start":{"line":72,"column":24},"end":{"line":72,"column":58}},"type":"cond-expr","locations":[{"start":{"line":72,"column":38},"end":{"line":72,"column":47}},{"start":{"line":72,"column":50},"end":{"line":72,"column":58}}],"line":72}},"s":{"0":7,"1":7,"2":7,"3":7,"4":1,"5":1,"6":2,"7":2,"8":10,"9":10,"10":10,"11":2,"12":2},"f":{"0":7,"1":1,"2":2,"3":10},"b":{"0":[9,1],"1":[0,9],"2":[2,8],"3":[2,8]},"_coverageSchema":"332fd63041d2c1bcb487cc26dd0d5f7d97098a6c","hash":"0c5102ed9b8ea8cb42ac10aaf834ad01f9a98ec2"}
,"/Users/brodeynewman/Desktop/projects/react-directory-view/src/components/arrow/Arrow.js": {"path":"/Users/brodeynewman/Desktop/projects/react-directory-view/src/components/arrow/Arrow.js","statementMap":{"0":{"start":{"line":6,"column":14},"end":{"line":18,"column":1}},"1":{"start":{"line":9,"column":2},"end":{"line":17,"column":4}},"2":{"start":{"line":20,"column":0},"end":{"line":25,"column":2}},"3":{"start":{"line":27,"column":0},"end":{"line":32,"column":2}}},"fnMap":{"0":{"name":"(anonymous_0)","decl":{"start":{"line":6,"column":14},"end":{"line":6,"column":15}},"loc":{"start":{"line":9,"column":2},"end":{"line":17,"column":4}},"line":9}},"branchMap":{"0":{"loc":{"start":{"line":11,"column":13},"end":{"line":11,"column":49}},"type":"cond-expr","locations":[{"start":{"line":11,"column":28},"end":{"line":11,"column":36}},{"start":{"line":11,"column":39},"end":{"line":11,"column":49}}],"line":11},"1":{"loc":{"start":{"line":15,"column":27},"end":{"line":15,"column":59}},"type":"cond-expr","locations":[{"start":{"line":15,"column":41},"end":{"line":15,"column":49}},{"start":{"line":15,"column":52},"end":{"line":15,"column":59}}],"line":15}},"s":{"0":3,"1":5,"2":3,"3":3},"f":{"0":5},"b":{"0":[5,0],"1":[0,5]},"_coverageSchema":"332fd63041d2c1bcb487cc26dd0d5f7d97098a6c","hash":"903cf292f003751a6b8c58ff9a74f56b30b1135e"}
,"/Users/brodeynewman/Desktop/projects/react-directory-view/src/components/arrow/styles.js": {"path":"/Users/brodeynewman/Desktop/projects/react-directory-view/src/components/arrow/styles.js","statementMap":{},"fnMap":{},"branchMap":{},"s":{},"f":{},"b":{},"_coverageSchema":"332fd63041d2c1bcb487cc26dd0d5f7d97098a6c","hash":"2c729a801b2e3f712a441f8e2eace1e3c92f0a18"}
,"/Users/brodeynewman/Desktop/projects/react-directory-view/src/components/checkbox/Checkbox.js": {"path":"/Users/brodeynewman/Desktop/projects/react-directory-view/src/components/checkbox/Checkbox.js","statementMap":{"0":{"start":{"line":5,"column":17},"end":{"line":17,"column":1}},"1":{"start":{"line":8,"column":2},"end":{"line":16,"column":4}},"2":{"start":{"line":19,"column":0},"end":{"line":24,"column":2}},"3":{"start":{"line":26,"column":0},"end":{"line":28,"column":2}}},"fnMap":{"0":{"name":"(anonymous_0)","decl":{"start":{"line":5,"column":17},"end":{"line":5,"column":18}},"loc":{"start":{"line":8,"column":2},"end":{"line":16,"column":4}},"line":8}},"branchMap":{"0":{"loc":{"start":{"line":15,"column":14},"end":{"line":15,"column":50}},"type":"cond-expr","locations":[{"start":{"line":15,"column":29},"end":{"line":15,"column":37}},{"start":{"line":15,"column":40},"end":{"line":15,"column":50}}],"line":15}},"s":{"0":3,"1":1,"2":3,"3":3},"f":{"0":1},"b":{"0":[1,0]},"_coverageSchema":"332fd63041d2c1bcb487cc26dd0d5f7d97098a6c","hash":"ab43c22dd1f4f9e44f39bdf81b0c55be68f0b116"}
,"/Users/brodeynewman/Desktop/projects/react-directory-view/src/components/checkbox/styles.js": {"path":"/Users/brodeynewman/Desktop/projects/react-directory-view/src/components/checkbox/styles.js","statementMap":{},"fnMap":{},"branchMap":{},"s":{},"f":{},"b":{},"_coverageSchema":"332fd63041d2c1bcb487cc26dd0d5f7d97098a6c","hash":"2c887118da5ba5360e55108d053d6333962b4430"}
,"/Users/brodeynewman/Desktop/projects/react-directory-view/src/components/defaultComponent/Default.js": {"path":"/Users/brodeynewman/Desktop/projects/react-directory-view/src/components/defaultComponent/Default.js","statementMap":{"0":{"start":{"line":4,"column":25},"end":{"line":13,"column":1}},"1":{"start":{"line":5,"column":2},"end":{"line":12,"column":8}},"2":{"start":{"line":15,"column":0},"end":{"line":24,"column":2}},"3":{"start":{"line":26,"column":0},"end":{"line":28,"column":2}}},"fnMap":{"0":{"name":"(anonymous_0)","decl":{"start":{"line":4,"column":25},"end":{"line":4,"column":26}},"loc":{"start":{"line":5,"column":2},"end":{"line":12,"column":8}},"line":5}},"branchMap":{},"s":{"0":1,"1":5,"2":1,"3":1},"f":{"0":5},"b":{},"_coverageSchema":"332fd63041d2c1bcb487cc26dd0d5f7d97098a6c","hash":"a647c38bd0797ef0133d4b5ee9a7ed28938bee0a"}
,"/Users/brodeynewman/Desktop/projects/react-directory-view/test/setupTest.js": {"path":"/Users/brodeynewman/Desktop/projects/react-directory-view/test/setupTest.js","statementMap":{"0":{"start":{"line":4,"column":0},"end":{"line":4,"column":38}}},"fnMap":{},"branchMap":{},"s":{"0":4},"f":{},"b":{},"_coverageSchema":"332fd63041d2c1bcb487cc26dd0d5f7d97098a6c","hash":"73a435b0b2b1d67c913016d35124b0ee50b3e6b0"}
}
