TN:
SF:/Users/brodeynewman/Desktop/projects/react-directory-view/src/components/Tree.js
FN:12,(anonymous_0)
FN:14,(anonymous_1)
FN:46,(anonymous_2)
FN:50,(anonymous_3)
FNF:4
FNH:4
FNDA:6,(anonymous_0)
FNDA:5,(anonymous_1)
FNDA:2,(anonymous_2)
FNDA:2,(anonymous_3)
DA:12,1
DA:13,6
DA:14,5
DA:15,5
DA:39,1
DA:46,2
DA:50,1
DA:51,2
DA:53,2
DA:55,2
DA:66,1
LF:11
LH:11
BRDA:12,0,0,1
BRDA:13,1,0,5
BRDA:13,1,1,1
BRDA:58,2,0,1
BRDA:58,2,1,1
BRF:5
BRH:5
end_of_record
TN:
SF:/Users/brodeynewman/Desktop/projects/react-directory-view/src/components/TreeNode.js
FN:8,(anonymous_0)
FN:19,(anonymous_1)
FN:25,(anonymous_2)
FN:31,(anonymous_3)
FNF:4
FNH:4
FNDA:7,(anonymous_0)
FNDA:1,(anonymous_1)
FNDA:2,(anonymous_2)
FNDA:10,(anonymous_3)
DA:9,7
DA:11,7
DA:15,7
DA:16,7
DA:20,1
DA:22,1
DA:26,2
DA:28,2
DA:32,10
DA:39,10
DA:41,10
DA:83,2
DA:95,2
LF:13
LH:13
BRDA:46,0,0,9
BRDA:46,0,1,1
BRDA:48,1,0,0
BRDA:48,1,1,9
BRDA:71,2,0,2
BRDA:71,2,1,8
BRDA:72,3,0,2
BRDA:72,3,1,8
BRF:8
BRH:7
end_of_record
TN:
SF:/Users/brodeynewman/Desktop/projects/react-directory-view/src/components/arrow/Arrow.js
FN:6,(anonymous_0)
FNF:1
FNH:1
FNDA:5,(anonymous_0)
DA:6,3
DA:9,5
DA:20,3
DA:27,3
LF:4
LH:4
BRDA:11,0,0,5
BRDA:11,0,1,0
BRDA:15,1,0,0
BRDA:15,1,1,5
BRF:4
BRH:2
end_of_record
TN:
SF:/Users/brodeynewman/Desktop/projects/react-directory-view/src/components/arrow/styles.js
FNF:0
FNH:0
LF:0
LH:0
BRF:0
BRH:0
end_of_record
TN:
SF:/Users/brodeynewman/Desktop/projects/react-directory-view/src/components/checkbox/Checkbox.js
FN:5,(anonymous_0)
FNF:1
FNH:1
FNDA:1,(anonymous_0)
DA:5,3
DA:8,1
DA:19,3
DA:26,3
LF:4
LH:4
BRDA:15,0,0,1
BRDA:15,0,1,0
BRF:2
BRH:1
end_of_record
TN:
SF:/Users/brodeynewman/Desktop/projects/react-directory-view/src/components/checkbox/styles.js
FNF:0
FNH:0
LF:0
LH:0
BRF:0
BRH:0
end_of_record
TN:
SF:/Users/brodeynewman/Desktop/projects/react-directory-view/src/components/defaultComponent/Default.js
FN:4,(anonymous_0)
FNF:1
FNH:1
FNDA:5,(anonymous_0)
DA:4,1
DA:5,5
DA:15,1
DA:26,1
LF:4
LH:4
BRF:0
BRH:0
end_of_record
TN:
SF:/Users/brodeynewman/Desktop/projects/react-directory-view/test/setupTest.js
FNF:0
FNH:0
DA:4,4
LF:1
LH:1
BRF:0
BRH:0
end_of_record
